[2026-01-03 04:19:07,191] INFO django.utils.autoreload — Watching for file changes with StatReloader
[2026-01-03 04:19:28,090] WARNING django.request — Not Found: /
[2026-01-03 04:19:28,090] WARNING django.server — "GET / HTTP/1.1" 404 2456
[2026-01-03 04:19:41,169] WARNING django.request — Not Found: /api/schema/swagger-ui/
[2026-01-03 04:19:41,169] WARNING django.server — "GET /api/schema/swagger-ui/ HTTP/1.1" 404 3888
[2026-01-03 04:20:09,764] INFO django.utils.autoreload — /home/reaksa/Documents/Django/inventory_system/config/urls.py changed, reloading.
[2026-01-03 04:20:10,027] INFO django.utils.autoreload — Watching for file changes with StatReloader
[2026-01-03 04:20:27,310] INFO django.utils.autoreload — /home/reaksa/Documents/Django/inventory_system/config/urls.py changed, reloading.
[2026-01-03 04:20:27,579] INFO django.utils.autoreload — Watching for file changes with StatReloader
[2026-01-03 04:20:33,751] INFO django.utils.autoreload — /home/reaksa/Documents/Django/inventory_system/config/urls.py changed, reloading.
[2026-01-03 04:20:34,035] INFO django.utils.autoreload — Watching for file changes with StatReloader
[2026-01-03 04:20:49,242] INFO django.utils.autoreload — /home/reaksa/Documents/Django/inventory_system/config/urls.py changed, reloading.
[2026-01-03 04:20:49,492] INFO django.utils.autoreload — Watching for file changes with StatReloader
[2026-01-03 04:20:53,618] INFO django.utils.autoreload — /home/reaksa/Documents/Django/inventory_system/config/urls.py changed, reloading.
[2026-01-03 04:20:53,892] INFO django.utils.autoreload — Watching for file changes with StatReloader
[2026-01-03 04:20:58,084] INFO django.utils.autoreload — /home/reaksa/Documents/Django/inventory_system/config/urls.py changed, reloading.
[2026-01-03 04:20:58,353] INFO django.utils.autoreload — Watching for file changes with StatReloader
[2026-01-03 04:21:26,690] INFO django.utils.autoreload — /home/reaksa/Documents/Django/inventory_system/config/urls.py changed, reloading.
[2026-01-03 04:21:26,944] INFO django.utils.autoreload — Watching for file changes with StatReloader
[2026-01-03 04:21:27,669] WARNING django.request — Not Found: /api/schema/swagger-ui/
[2026-01-03 04:21:27,669] WARNING django.server — "GET /api/schema/swagger-ui/ HTTP/1.1" 404 4438
[2026-01-03 04:21:28,973] WARNING django.request — Not Found: /api/schema/swagger-ui/
[2026-01-03 04:21:28,973] WARNING django.server — "GET /api/schema/swagger-ui/ HTTP/1.1" 404 4438
[2026-01-03 04:22:44,634] INFO django.utils.autoreload — /home/reaksa/Documents/Django/inventory_system/config/urls.py changed, reloading.
[2026-01-03 04:22:44,902] INFO django.utils.autoreload — Watching for file changes with StatReloader
[2026-01-03 04:22:54,100] INFO django.utils.autoreload — /home/reaksa/Documents/Django/inventory_system/config/urls.py changed, reloading.
[2026-01-03 04:22:54,368] INFO django.utils.autoreload — Watching for file changes with StatReloader
[2026-01-03 04:23:12,592] INFO django.utils.autoreload — /home/reaksa/Documents/Django/inventory_system/config/urls.py changed, reloading.
[2026-01-03 04:23:12,868] INFO django.utils.autoreload — Watching for file changes with StatReloader
[2026-01-03 04:23:21,096] INFO django.utils.autoreload — /home/reaksa/Documents/Django/inventory_system/config/urls.py changed, reloading.
[2026-01-03 04:23:21,370] INFO django.utils.autoreload — Watching for file changes with StatReloader
[2026-01-03 04:23:28,555] INFO django.utils.autoreload — /home/reaksa/Documents/Django/inventory_system/config/urls.py changed, reloading.
[2026-01-03 04:23:28,817] INFO django.utils.autoreload — Watching for file changes with StatReloader
[2026-01-03 04:23:41,041] INFO django.utils.autoreload — /home/reaksa/Documents/Django/inventory_system/config/urls.py changed, reloading.
[2026-01-03 04:23:41,304] INFO django.utils.autoreload — Watching for file changes with StatReloader
[2026-01-03 04:25:16,978] INFO django.utils.autoreload — /home/reaksa/Documents/Django/inventory_system/config/urls.py changed, reloading.
[2026-01-03 04:25:17,240] INFO django.utils.autoreload — Watching for file changes with StatReloader
[2026-01-03 04:28:19,654] INFO django.utils.autoreload — /home/reaksa/Documents/Django/inventory_system/config/urls.py changed, reloading.
[2026-01-03 04:28:19,911] INFO django.utils.autoreload — Watching for file changes with StatReloader
[2026-01-03 04:29:28,623] WARNING django.request — Not Found: /
[2026-01-03 04:29:28,624] WARNING django.server — "GET / HTTP/1.1" 404 3006
[2026-01-03 04:29:37,622] INFO django.server — "GET /swagger/ HTTP/1.1" 200 2227
[2026-01-03 04:29:37,643] INFO django.server — "GET /static/drf-yasg/style.css HTTP/1.1" 200 1047
[2026-01-03 04:29:37,644] INFO django.server — "GET /static/drf-yasg/insQ.min.js HTTP/1.1" 200 2093
[2026-01-03 04:29:37,645] INFO django.server — "GET /static/drf-yasg/swagger-ui-init.js HTTP/1.1" 200 15480
[2026-01-03 04:29:37,646] INFO django.server — "GET /static/drf-yasg/immutable.min.js HTTP/1.1" 200 56904
[2026-01-03 04:29:37,647] INFO django.server — "GET /static/drf-yasg/swagger-ui-dist/swagger-ui.css HTTP/1.1" 200 145206
[2026-01-03 04:29:37,648] INFO django.server — "GET /static/drf-yasg/swagger-ui-dist/swagger-ui-standalone-preset.js HTTP/1.1" 200 322863
[2026-01-03 04:29:37,648] INFO django.server — "GET /static/drf-yasg/swagger-ui-dist/swagger-ui-bundle.js HTTP/1.1" 200 1046583
[2026-01-03 04:29:37,734] INFO django.server — "GET /static/drf-yasg/swagger-ui-dist/favicon-32x32.png HTTP/1.1" 200 628
[2026-01-03 04:29:37,792] INFO django.server — "GET /swagger/?format=openapi HTTP/1.1" 200 36577
[2026-01-03 04:32:52,310] INFO django.server — "GET /swagger/?format=openapi HTTP/1.1" 200 36577
[2026-01-03 04:32:52,346] WARNING django.request — Not Found: /favicon.ico
[2026-01-03 04:32:52,347] WARNING django.server — "GET /favicon.ico HTTP/1.1" 404 3057
[2026-01-03 04:34:30,644] INFO django.utils.autoreload — /home/reaksa/Documents/Django/inventory_system/config/urls.py changed, reloading.
[2026-01-03 04:34:30,917] INFO django.utils.autoreload — Watching for file changes with StatReloader
[2026-01-03 04:34:32,352] INFO django.server — "GET /swagger/ HTTP/1.1" 200 2227
[2026-01-03 04:34:32,364] INFO django.server — "GET /static/drf-yasg/swagger-ui-dist/swagger-ui-bundle.js HTTP/1.1" 304 0
[2026-01-03 04:34:32,365] INFO django.server — "GET /static/drf-yasg/swagger-ui-dist/swagger-ui-standalone-preset.js HTTP/1.1" 304 0
[2026-01-03 04:34:32,367] INFO django.server — "GET /static/drf-yasg/insQ.min.js HTTP/1.1" 304 0
[2026-01-03 04:34:32,367] INFO django.server — "GET /static/drf-yasg/swagger-ui-dist/swagger-ui.css HTTP/1.1" 304 0
[2026-01-03 04:34:32,367] INFO django.server — "GET /static/drf-yasg/immutable.min.js HTTP/1.1" 304 0
[2026-01-03 04:34:32,368] INFO django.server — "GET /static/drf-yasg/swagger-ui-init.js HTTP/1.1" 304 0
[2026-01-03 04:34:32,368] INFO django.server — "GET /static/drf-yasg/style.css HTTP/1.1" 304 0
[2026-01-03 04:34:32,559] INFO django.server — "GET /swagger/?format=openapi HTTP/1.1" 200 36536
[2026-01-03 04:37:59,107] INFO django.server — "GET /redoc/ HTTP/1.1" 200 970
[2026-01-03 04:37:59,133] INFO django.server — "GET /static/drf-yasg/insQ.min.js HTTP/1.1" 304 0
[2026-01-03 04:37:59,133] INFO django.server — "GET /static/drf-yasg/style.css HTTP/1.1" 304 0
[2026-01-03 04:37:59,134] INFO django.server — "GET /static/drf-yasg/redoc-init.js HTTP/1.1" 200 2566
[2026-01-03 04:37:59,140] INFO django.server — "GET /static/drf-yasg/redoc/redoc.min.js HTTP/1.1" 200 1042511
[2026-01-03 04:37:59,257] INFO django.server — "GET /redoc/?format=openapi HTTP/1.1" 200 36536
[2026-01-03 04:37:59,273] INFO django.server — "GET /static/drf-yasg/redoc/redoc-logo.png HTTP/1.1" 200 4969
[2026-01-03 04:38:25,687] INFO django.server — "GET /swagger/ HTTP/1.1" 200 2227
[2026-01-03 04:38:25,708] INFO django.server — "GET /static/drf-yasg/swagger-ui-dist/swagger-ui-bundle.js HTTP/1.1" 304 0
[2026-01-03 04:38:25,709] INFO django.server — "GET /static/drf-yasg/immutable.min.js HTTP/1.1" 304 0
[2026-01-03 04:38:25,709] INFO django.server — "GET /static/drf-yasg/swagger-ui-dist/swagger-ui-standalone-preset.js HTTP/1.1" 304 0
[2026-01-03 04:38:25,710] INFO django.server — "GET /static/drf-yasg/swagger-ui-init.js HTTP/1.1" 304 0
[2026-01-03 04:38:25,710] INFO django.server — "GET /static/drf-yasg/swagger-ui-dist/swagger-ui.css HTTP/1.1" 200 145206
[2026-01-03 04:38:25,852] INFO django.server — "GET /swagger/?format=openapi HTTP/1.1" 200 36536
[2026-01-03 04:38:29,744] WARNING django.request — Not Found: /accounts/login/
[2026-01-03 04:38:29,744] WARNING django.server — "GET /accounts/login/?next=/swagger/ HTTP/1.1" 404 3084
[2026-01-03 04:38:40,189] WARNING django.request — Not Found: /accounts/login/
[2026-01-03 04:38:40,189] WARNING django.server — "GET /accounts/login/?next=/swagger/ HTTP/1.1" 404 3084
[2026-01-03 04:40:40,090] INFO django.server — "GET /swagger/?format=openapi HTTP/1.1" 200 36536
[2026-01-03 04:40:40,126] WARNING django.request — Not Found: /favicon.ico
[2026-01-03 04:40:40,126] WARNING django.server — "GET /favicon.ico HTTP/1.1" 404 3057
[2026-01-03 04:40:58,950] INFO django.server — "GET /swagger/ HTTP/1.1" 200 2227
[2026-01-03 04:40:58,980] INFO django.server — "GET /static/drf-yasg/style.css HTTP/1.1" 304 0
[2026-01-03 04:40:58,981] INFO django.server — "GET /static/drf-yasg/swagger-ui-dist/swagger-ui.css HTTP/1.1" 304 0
[2026-01-03 04:40:58,983] INFO django.server — "GET /static/drf-yasg/insQ.min.js HTTP/1.1" 304 0
[2026-01-03 04:40:58,983] INFO django.server — "GET /static/drf-yasg/immutable.min.js HTTP/1.1" 304 0
[2026-01-03 04:40:58,983] INFO django.server — "GET /static/drf-yasg/swagger-ui-dist/swagger-ui-bundle.js HTTP/1.1" 304 0
[2026-01-03 04:40:58,983] INFO django.server — "GET /static/drf-yasg/swagger-ui-init.js HTTP/1.1" 304 0
[2026-01-03 04:40:58,984] INFO django.server — "GET /static/drf-yasg/swagger-ui-dist/swagger-ui-standalone-preset.js HTTP/1.1" 304 0
[2026-01-03 04:40:59,156] INFO django.server — "GET /swagger/?format=openapi HTTP/1.1" 200 36536
[2026-01-03 12:43:01,732] INFO django.utils.autoreload — Watching for file changes with StatReloader
[2026-01-03 12:43:04,085] WARNING django.request — Not Found: /
[2026-01-03 12:43:04,086] WARNING django.server — "GET / HTTP/1.1" 404 3006
[2026-01-03 12:43:04,117] WARNING django.request — Not Found: /favicon.ico
[2026-01-03 12:44:12,094] INFO django.server — "GET /swagger HTTP/1.1" 301 0
[2026-01-03 12:44:12,113] INFO django.server — "GET /swagger/ HTTP/1.1" 200 2227
[2026-01-03 12:44:12,179] INFO django.server — "GET /static/drf-yasg/style.css HTTP/1.1" 200 1047
[2026-01-03 12:44:12,181] INFO django.server — "GET /static/drf-yasg/insQ.min.js HTTP/1.1" 200 2093
[2026-01-03 12:44:12,182] INFO django.server — "GET /static/drf-yasg/immutable.min.js HTTP/1.1" 200 56904
[2026-01-03 12:44:12,183] INFO django.server — "GET /static/drf-yasg/swagger-ui-dist/swagger-ui.css HTTP/1.1" 200 145206
[2026-01-03 12:44:12,185] INFO django.server — "GET /static/drf-yasg/swagger-ui-dist/swagger-ui-standalone-preset.js HTTP/1.1" 200 322863
[2026-01-03 12:44:12,187] INFO django.server — "GET /static/drf-yasg/swagger-ui-init.js HTTP/1.1" 200 15480
[2026-01-03 12:44:12,193] INFO django.server — "GET /static/drf-yasg/swagger-ui-dist/swagger-ui-bundle.js HTTP/1.1" 200 1046583
[2026-01-03 12:44:12,343] INFO django.server — "GET /swagger/?format=openapi HTTP/1.1" 200 36536
[2026-01-03 12:44:12,344] INFO django.server — "GET /static/drf-yasg/swagger-ui-dist/favicon-32x32.png HTTP/1.1" 200 628
[2026-01-03 12:44:33,374] WARNING django.request — Not Found: /api/schema/swagger-ui/
[2026-01-03 12:44:33,374] WARNING django.server — "GET /api/schema/swagger-ui/ HTTP/1.1" 404 4438
[2026-01-03 12:44:33,396] WARNING django.request — Not Found: /favicon.ico
[2026-01-03 12:44:33,396] WARNING django.server — "GET /favicon.ico HTTP/1.1" 404 3057
[2026-01-03 12:44:40,491] INFO django.server — "GET /swagger/ HTTP/1.1" 200 2227
[2026-01-03 12:44:40,587] INFO django.server — "GET /swagger/?format=openapi HTTP/1.1" 200 36536
